<?xml version="1.0" encoding="UTF-8"?>
<testsuite xmlns:xsi="http://www.w3.org/2001/XMLSchema-instance" xsi:noNamespaceSchemaLocation="https://maven.apache.org/surefire/maven-surefire-plugin/xsd/surefire-test-report-3.0.xsd" version="3.0" name="TestSuite" time="10.644" tests="71" errors="0" skipped="61" failures="10">
  <properties>
[...]
</properties>
  <testcase name="testLogin_ConfirmPassword_Empty" classname="LoginPage.loginPageConfirmPasswordTests" time="0.189">
    <failure message="Cannot invoke &quot;org.openqa.selenium.WebDriver.findElement(org.openqa.selenium.By)&quot; because &quot;driver&quot; is null" type="java.lang.NullPointerException"><![CDATA[java.lang.NullPointerException: Cannot invoke "org.openqa.selenium.WebDriver.findElement(org.openqa.selenium.By)" because "driver" is null
	at org.openqa.selenium.support.ui.ExpectedConditions$6.apply(ExpectedConditions.java:171)
	at org.openqa.selenium.support.ui.ExpectedConditions$6.apply(ExpectedConditions.java:168)
	at org.openqa.selenium.support.ui.FluentWait.until(FluentWait.java:203)
	at utilsFiles.UtilsDriverMethods.fluentWait(UtilsDriverMethods.java:59)
	at Pages.LoginPage.entering_FirstName(LoginPage.java:47)
	at LoginPage.loginPageConfirmPasswordTests.testLogin_ConfirmPassword_Empty(loginPageConfirmPasswordTests.java:15)
	at java.base/jdk.internal.reflect.DirectMethodHandleAccessor.invoke(DirectMethodHandleAccessor.java:103)
	at java.base/java.lang.reflect.Method.invoke(Method.java:580)
	at org.testng.internal.invokers.MethodInvocationHelper.invokeMethod(MethodInvocationHelper.java:139)
	at org.testng.internal.invokers.TestInvoker.invokeMethod(TestInvoker.java:664)
	at org.testng.internal.invokers.TestInvoker.invokeTestMethod(TestInvoker.java:227)
	at org.testng.internal.invokers.MethodRunner.runInSequence(MethodRunner.java:50)
	at org.testng.internal.invokers.TestInvoker$MethodInvocationAgent.invoke(TestInvoker.java:957)
	at org.testng.internal.invokers.TestInvoker.invokeTestMethods(TestInvoker.java:200)
	at org.testng.internal.invokers.TestMethodWorker.invokeTestMethods(TestMethodWorker.java:148)
	at org.testng.internal.invokers.TestMethodWorker.run(TestMethodWorker.java:128)
	at java.base/java.util.ArrayList.forEach(ArrayList.java:1596)
	at org.testng.TestRunner.privateRun(TestRunner.java:848)
	at org.testng.TestRunner.run(TestRunner.java:621)
	at org.testng.SuiteRunner.runTest(SuiteRunner.java:443)
	at org.testng.SuiteRunner.runSequentially(SuiteRunner.java:437)
	at org.testng.SuiteRunner.privateRun(SuiteRunner.java:397)
	at org.testng.SuiteRunner.run(SuiteRunner.java:336)
	at org.testng.SuiteRunnerWorker.runSuite(SuiteRunnerWorker.java:52)
	at org.testng.SuiteRunnerWorker.run(SuiteRunnerWorker.java:95)
	at org.testng.TestNG.runSuitesSequentially(TestNG.java:1280)
	at org.testng.TestNG.runSuitesLocally(TestNG.java:1200)
	at org.testng.TestNG.runSuites(TestNG.java:1114)
	at org.testng.TestNG.run(TestNG.java:1082)
	at org.apache.maven.surefire.testng.TestNGExecutor.run(TestNGExecutor.java:155)
	at org.apache.maven.surefire.testng.TestNGDirectoryTestSuite.executeMulti(TestNGDirectoryTestSuite.java:169)
	at org.apache.maven.surefire.testng.TestNGDirectoryTestSuite.execute(TestNGDirectoryTestSuite.java:88)
	at org.apache.maven.surefire.testng.TestNGProvider.invoke(TestNGProvider.java:137)
	at org.apache.maven.surefire.booter.ForkedBooter.runSuitesInProcess(ForkedBooter.java:385)
	at org.apache.maven.surefire.booter.ForkedBooter.execute(ForkedBooter.java:162)
	at org.apache.maven.surefire.booter.ForkedBooter.run(ForkedBooter.java:507)
	at org.apache.maven.surefire.booter.ForkedBooter.main(ForkedBooter.java:495)
]]></failure>
    <system-err><![CDATA[SLF4J: Failed to load class "org.slf4j.impl.StaticLoggerBinder".
SLF4J: Defaulting to no-operation (NOP) logger implementation
SLF4J: See http://www.slf4j.org/codes.html#StaticLoggerBinder for further details.
Aug 26, 2024 12:12:03 PM org.openqa.selenium.devtools.CdpVersionFinder findNearestMatch
WARNING: Unable to find an exact match for CDP version 128, returning the closest version; found: 126; Please update to a Selenium version that supports CDP version 128
]]></system-err>
  </testcase>
  <testcase name="RecordFailures[[TestResult name=testLogin_ConfirmPassword_Empty status=FAILURE method=loginPageConfirmPasswordTests.testLogin_ConfirmPassword_Empty()[pri:1, instance:LoginPage.loginPageConfirmPasswordTests@272113c4] output={null}]](0)" classname="LoginPage.loginPageConfirmPasswordTests" time="0.213">
    <failure message="Cannot invoke &quot;utilsFiles.RecordFailure.recordFailure(org.testng.ITestResult, String)&quot; because &quot;this.recordFailure&quot; is null" type="java.lang.NullPointerException"><![CDATA[java.lang.NullPointerException: Cannot invoke "utilsFiles.RecordFailure.recordFailure(org.testng.ITestResult, String)" because "this.recordFailure" is null
	at base.BaseTests.RecordFailures(BaseTests.java:62)
	at java.base/jdk.internal.reflect.DirectMethodHandleAccessor.invoke(DirectMethodHandleAccessor.java:103)
	at java.base/java.lang.reflect.Method.invoke(Method.java:580)
	at org.testng.internal.invokers.MethodInvocationHelper.invokeMethod(MethodInvocationHelper.java:139)
	at org.testng.internal.invokers.MethodInvocationHelper.invokeMethodConsideringTimeout(MethodInvocationHelper.java:69)
	at org.testng.internal.invokers.ConfigInvoker.invokeConfigurationMethod(ConfigInvoker.java:390)
	at org.testng.internal.invokers.ConfigInvoker.invokeConfigurations(ConfigInvoker.java:325)
	at org.testng.internal.invokers.TestInvoker.runConfigMethods(TestInvoker.java:810)
	at org.testng.internal.invokers.TestInvoker.runAfterConfigurations(TestInvoker.java:779)
	at org.testng.internal.invokers.TestInvoker.invokeMethod(TestInvoker.java:755)
	at org.testng.internal.invokers.TestInvoker.invokeTestMethod(TestInvoker.java:227)
	at org.testng.internal.invokers.MethodRunner.runInSequence(MethodRunner.java:50)
	at org.testng.internal.invokers.TestInvoker$MethodInvocationAgent.invoke(TestInvoker.java:957)
	at org.testng.internal.invokers.TestInvoker.invokeTestMethods(TestInvoker.java:200)
	at org.testng.internal.invokers.TestMethodWorker.invokeTestMethods(TestMethodWorker.java:148)
	at org.testng.internal.invokers.TestMethodWorker.run(TestMethodWorker.java:128)
	at java.base/java.util.ArrayList.forEach(ArrayList.java:1596)
	at org.testng.TestRunner.privateRun(TestRunner.java:848)
	at org.testng.TestRunner.run(TestRunner.java:621)
	at org.testng.SuiteRunner.runTest(SuiteRunner.java:443)
	at org.testng.SuiteRunner.runSequentially(SuiteRunner.java:437)
	at org.testng.SuiteRunner.privateRun(SuiteRunner.java:397)
	at org.testng.SuiteRunner.run(SuiteRunner.java:336)
	at org.testng.SuiteRunnerWorker.runSuite(SuiteRunnerWorker.java:52)
	at org.testng.SuiteRunnerWorker.run(SuiteRunnerWorker.java:95)
	at org.testng.TestNG.runSuitesSequentially(TestNG.java:1280)
	at org.testng.TestNG.runSuitesLocally(TestNG.java:1200)
	at org.testng.TestNG.runSuites(TestNG.java:1114)
	at org.testng.TestNG.run(TestNG.java:1082)
	at org.apache.maven.surefire.testng.TestNGExecutor.run(TestNGExecutor.java:155)
	at org.apache.maven.surefire.testng.TestNGDirectoryTestSuite.executeMulti(TestNGDirectoryTestSuite.java:169)
	at org.apache.maven.surefire.testng.TestNGDirectoryTestSuite.execute(TestNGDirectoryTestSuite.java:88)
	at org.apache.maven.surefire.testng.TestNGProvider.invoke(TestNGProvider.java:137)
	at org.apache.maven.surefire.booter.ForkedBooter.runSuitesInProcess(ForkedBooter.java:385)
	at org.apache.maven.surefire.booter.ForkedBooter.execute(ForkedBooter.java:162)
	at org.apache.maven.surefire.booter.ForkedBooter.run(ForkedBooter.java:507)
	at org.apache.maven.surefire.booter.ForkedBooter.main(ForkedBooter.java:495)
]]></failure>
  </testcase>
  <testcase name="testLogin_ConfirmPassword_NotMatchPassword" classname="LoginPage.loginPageConfirmPasswordTests" time="0.0">
    <skipped message="Cannot invoke &quot;utilsFiles.RecordFailure.recordFailure(org.testng.ITestResult, String)&quot; because &quot;this.recordFailure&quot; is null"/>
  </testcase>
  <testcase name="RecordFailures" classname="LoginPage.loginPageConfirmPasswordTests" time="0.0">
    <skipped/>
  </testcase>
  <testcase name="testLogin_Email_Empty" classname="LoginPage.loginPageEmailTests" time="0.005">
    <failure message="Cannot invoke &quot;org.openqa.selenium.WebDriver.findElement(org.openqa.selenium.By)&quot; because &quot;driver&quot; is null" type="java.lang.NullPointerException"><![CDATA[java.lang.NullPointerException: Cannot invoke "org.openqa.selenium.WebDriver.findElement(org.openqa.selenium.By)" because "driver" is null
	at org.openqa.selenium.support.ui.ExpectedConditions$6.apply(ExpectedConditions.java:171)
	at org.openqa.selenium.support.ui.ExpectedConditions$6.apply(ExpectedConditions.java:168)
	at org.openqa.selenium.support.ui.FluentWait.until(FluentWait.java:203)
	at utilsFiles.UtilsDriverMethods.fluentWait(UtilsDriverMethods.java:59)
	at Pages.LoginPage.entering_FirstName(LoginPage.java:47)
	at LoginPage.loginPageEmailTests.testLogin_Email_Empty(loginPageEmailTests.java:16)
	at java.base/jdk.internal.reflect.DirectMethodHandleAccessor.invoke(DirectMethodHandleAccessor.java:103)
	at java.base/java.lang.reflect.Method.invoke(Method.java:580)
	at org.testng.internal.invokers.MethodInvocationHelper.invokeMethod(MethodInvocationHelper.java:139)
	at org.testng.internal.invokers.TestInvoker.invokeMethod(TestInvoker.java:664)
	at org.testng.internal.invokers.TestInvoker.invokeTestMethod(TestInvoker.java:227)
	at org.testng.internal.invokers.MethodRunner.runInSequence(MethodRunner.java:50)
	at org.testng.internal.invokers.TestInvoker$MethodInvocationAgent.invoke(TestInvoker.java:957)
	at org.testng.internal.invokers.TestInvoker.invokeTestMethods(TestInvoker.java:200)
	at org.testng.internal.invokers.TestMethodWorker.invokeTestMethods(TestMethodWorker.java:148)
	at org.testng.internal.invokers.TestMethodWorker.run(TestMethodWorker.java:128)
	at java.base/java.util.ArrayList.forEach(ArrayList.java:1596)
	at org.testng.TestRunner.privateRun(TestRunner.java:848)
	at org.testng.TestRunner.run(TestRunner.java:621)
	at org.testng.SuiteRunner.runTest(SuiteRunner.java:443)
	at org.testng.SuiteRunner.runSequentially(SuiteRunner.java:437)
	at org.testng.SuiteRunner.privateRun(SuiteRunner.java:397)
	at org.testng.SuiteRunner.run(SuiteRunner.java:336)
	at org.testng.SuiteRunnerWorker.runSuite(SuiteRunnerWorker.java:52)
	at org.testng.SuiteRunnerWorker.run(SuiteRunnerWorker.java:95)
	at org.testng.TestNG.runSuitesSequentially(TestNG.java:1280)
	at org.testng.TestNG.runSuitesLocally(TestNG.java:1200)
	at org.testng.TestNG.runSuites(TestNG.java:1114)
	at org.testng.TestNG.run(TestNG.java:1082)
	at org.apache.maven.surefire.testng.TestNGExecutor.run(TestNGExecutor.java:155)
	at org.apache.maven.surefire.testng.TestNGDirectoryTestSuite.executeMulti(TestNGDirectoryTestSuite.java:169)
	at org.apache.maven.surefire.testng.TestNGDirectoryTestSuite.execute(TestNGDirectoryTestSuite.java:88)
	at org.apache.maven.surefire.testng.TestNGProvider.invoke(TestNGProvider.java:137)
	at org.apache.maven.surefire.booter.ForkedBooter.runSuitesInProcess(ForkedBooter.java:385)
	at org.apache.maven.surefire.booter.ForkedBooter.execute(ForkedBooter.java:162)
	at org.apache.maven.surefire.booter.ForkedBooter.run(ForkedBooter.java:507)
	at org.apache.maven.surefire.booter.ForkedBooter.main(ForkedBooter.java:495)
]]></failure>
  </testcase>
  <testcase name="RecordFailures[[TestResult name=testLogin_Email_Empty status=FAILURE method=loginPageEmailTests.testLogin_Email_Empty()[pri:1, instance:LoginPage.loginPageEmailTests@73e9cf30] output={null}]](0)" classname="LoginPage.loginPageEmailTests" time="0.022">
    <failure message="Cannot invoke &quot;utilsFiles.RecordFailure.recordFailure(org.testng.ITestResult, String)&quot; because &quot;this.recordFailure&quot; is null" type="java.lang.NullPointerException"><![CDATA[java.lang.NullPointerException: Cannot invoke "utilsFiles.RecordFailure.recordFailure(org.testng.ITestResult, String)" because "this.recordFailure" is null
	at base.BaseTests.RecordFailures(BaseTests.java:62)
	at java.base/jdk.internal.reflect.DirectMethodHandleAccessor.invoke(DirectMethodHandleAccessor.java:103)
	at java.base/java.lang.reflect.Method.invoke(Method.java:580)
	at org.testng.internal.invokers.MethodInvocationHelper.invokeMethod(MethodInvocationHelper.java:139)
	at org.testng.internal.invokers.MethodInvocationHelper.invokeMethodConsideringTimeout(MethodInvocationHelper.java:69)
	at org.testng.internal.invokers.ConfigInvoker.invokeConfigurationMethod(ConfigInvoker.java:390)
	at org.testng.internal.invokers.ConfigInvoker.invokeConfigurations(ConfigInvoker.java:325)
	at org.testng.internal.invokers.TestInvoker.runConfigMethods(TestInvoker.java:810)
	at org.testng.internal.invokers.TestInvoker.runAfterConfigurations(TestInvoker.java:779)
	at org.testng.internal.invokers.TestInvoker.invokeMethod(TestInvoker.java:755)
	at org.testng.internal.invokers.TestInvoker.invokeTestMethod(TestInvoker.java:227)
	at org.testng.internal.invokers.MethodRunner.runInSequence(MethodRunner.java:50)
	at org.testng.internal.invokers.TestInvoker$MethodInvocationAgent.invoke(TestInvoker.java:957)
	at org.testng.internal.invokers.TestInvoker.invokeTestMethods(TestInvoker.java:200)
	at org.testng.internal.invokers.TestMethodWorker.invokeTestMethods(TestMethodWorker.java:148)
	at org.testng.internal.invokers.TestMethodWorker.run(TestMethodWorker.java:128)
	at java.base/java.util.ArrayList.forEach(ArrayList.java:1596)
	at org.testng.TestRunner.privateRun(TestRunner.java:848)
	at org.testng.TestRunner.run(TestRunner.java:621)
	at org.testng.SuiteRunner.runTest(SuiteRunner.java:443)
	at org.testng.SuiteRunner.runSequentially(SuiteRunner.java:437)
	at org.testng.SuiteRunner.privateRun(SuiteRunner.java:397)
	at org.testng.SuiteRunner.run(SuiteRunner.java:336)
	at org.testng.SuiteRunnerWorker.runSuite(SuiteRunnerWorker.java:52)
	at org.testng.SuiteRunnerWorker.run(SuiteRunnerWorker.java:95)
	at org.testng.TestNG.runSuitesSequentially(TestNG.java:1280)
	at org.testng.TestNG.runSuitesLocally(TestNG.java:1200)
	at org.testng.TestNG.runSuites(TestNG.java:1114)
	at org.testng.TestNG.run(TestNG.java:1082)
	at org.apache.maven.surefire.testng.TestNGExecutor.run(TestNGExecutor.java:155)
	at org.apache.maven.surefire.testng.TestNGDirectoryTestSuite.executeMulti(TestNGDirectoryTestSuite.java:169)
	at org.apache.maven.surefire.testng.TestNGDirectoryTestSuite.execute(TestNGDirectoryTestSuite.java:88)
	at org.apache.maven.surefire.testng.TestNGProvider.invoke(TestNGProvider.java:137)
	at org.apache.maven.surefire.booter.ForkedBooter.runSuitesInProcess(ForkedBooter.java:385)
	at org.apache.maven.surefire.booter.ForkedBooter.execute(ForkedBooter.java:162)
	at org.apache.maven.surefire.booter.ForkedBooter.run(ForkedBooter.java:507)
	at org.apache.maven.surefire.booter.ForkedBooter.main(ForkedBooter.java:495)
]]></failure>
  </testcase>
  <testcase name="testLogin_Email_AcceptsOnlyValidFormat" classname="LoginPage.loginPageEmailTests" time="0.0">
    <skipped message="Cannot invoke &quot;utilsFiles.RecordFailure.recordFailure(org.testng.ITestResult, String)&quot; because &quot;this.recordFailure&quot; is null"/>
  </testcase>
  <testcase name="RecordFailures" classname="LoginPage.loginPageEmailTests" time="0.0">
    <skipped/>
  </testcase>
  <testcase name="RecordFailures" classname="LoginPage.loginPageEmailTests" time="0.0">
    <skipped/>
  </testcase>
  <testcase name="RecordFailures" classname="LoginPage.loginPageEmailTests" time="0.0">
    <skipped/>
  </testcase>
  <testcase name="testLogin_Email_InValidFormat_withoutAT" classname="LoginPage.loginPageEmailTests" time="0.0">
    <skipped message="Cannot invoke &quot;utilsFiles.RecordFailure.recordFailure(org.testng.ITestResult, String)&quot; because &quot;this.recordFailure&quot; is null"/>
  </testcase>
  <testcase name="testLogin_Email_InValidFormat_withoutDomain" classname="LoginPage.loginPageEmailTests" time="0.0">
    <skipped message="Cannot invoke &quot;utilsFiles.RecordFailure.recordFailure(org.testng.ITestResult, String)&quot; because &quot;this.recordFailure&quot; is null"/>
  </testcase>
  <testcase name="testLogin_FirstName_Empty" classname="LoginPage.loginPageFirstNameTests" time="0.009">
    <failure message="Cannot invoke &quot;org.openqa.selenium.WebDriver.findElement(org.openqa.selenium.By)&quot; because &quot;driver&quot; is null" type="java.lang.NullPointerException"><![CDATA[java.lang.NullPointerException: Cannot invoke "org.openqa.selenium.WebDriver.findElement(org.openqa.selenium.By)" because "driver" is null
	at org.openqa.selenium.support.ui.ExpectedConditions$6.apply(ExpectedConditions.java:171)
	at org.openqa.selenium.support.ui.ExpectedConditions$6.apply(ExpectedConditions.java:168)
	at org.openqa.selenium.support.ui.FluentWait.until(FluentWait.java:203)
	at utilsFiles.UtilsDriverMethods.fluentWait(UtilsDriverMethods.java:59)
	at Pages.LoginPage.entering_FirstName(LoginPage.java:47)
	at LoginPage.loginPageFirstNameTests.testLogin_FirstName_Empty(loginPageFirstNameTests.java:17)
	at java.base/jdk.internal.reflect.DirectMethodHandleAccessor.invoke(DirectMethodHandleAccessor.java:103)
	at java.base/java.lang.reflect.Method.invoke(Method.java:580)
	at org.testng.internal.invokers.MethodInvocationHelper.invokeMethod(MethodInvocationHelper.java:139)
	at org.testng.internal.invokers.TestInvoker.invokeMethod(TestInvoker.java:664)
	at org.testng.internal.invokers.TestInvoker.invokeTestMethod(TestInvoker.java:227)
	at org.testng.internal.invokers.MethodRunner.runInSequence(MethodRunner.java:50)
	at org.testng.internal.invokers.TestInvoker$MethodInvocationAgent.invoke(TestInvoker.java:957)
	at org.testng.internal.invokers.TestInvoker.invokeTestMethods(TestInvoker.java:200)
	at org.testng.internal.invokers.TestMethodWorker.invokeTestMethods(TestMethodWorker.java:148)
	at org.testng.internal.invokers.TestMethodWorker.run(TestMethodWorker.java:128)
	at java.base/java.util.ArrayList.forEach(ArrayList.java:1596)
	at org.testng.TestRunner.privateRun(TestRunner.java:848)
	at org.testng.TestRunner.run(TestRunner.java:621)
	at org.testng.SuiteRunner.runTest(SuiteRunner.java:443)
	at org.testng.SuiteRunner.runSequentially(SuiteRunner.java:437)
	at org.testng.SuiteRunner.privateRun(SuiteRunner.java:397)
	at org.testng.SuiteRunner.run(SuiteRunner.java:336)
	at org.testng.SuiteRunnerWorker.runSuite(SuiteRunnerWorker.java:52)
	at org.testng.SuiteRunnerWorker.run(SuiteRunnerWorker.java:95)
	at org.testng.TestNG.runSuitesSequentially(TestNG.java:1280)
	at org.testng.TestNG.runSuitesLocally(TestNG.java:1200)
	at org.testng.TestNG.runSuites(TestNG.java:1114)
	at org.testng.TestNG.run(TestNG.java:1082)
	at org.apache.maven.surefire.testng.TestNGExecutor.run(TestNGExecutor.java:155)
	at org.apache.maven.surefire.testng.TestNGDirectoryTestSuite.executeMulti(TestNGDirectoryTestSuite.java:169)
	at org.apache.maven.surefire.testng.TestNGDirectoryTestSuite.execute(TestNGDirectoryTestSuite.java:88)
	at org.apache.maven.surefire.testng.TestNGProvider.invoke(TestNGProvider.java:137)
	at org.apache.maven.surefire.booter.ForkedBooter.runSuitesInProcess(ForkedBooter.java:385)
	at org.apache.maven.surefire.booter.ForkedBooter.execute(ForkedBooter.java:162)
	at org.apache.maven.surefire.booter.ForkedBooter.run(ForkedBooter.java:507)
	at org.apache.maven.surefire.booter.ForkedBooter.main(ForkedBooter.java:495)
]]></failure>
  </testcase>
  <testcase name="RecordFailures[[TestResult name=testLogin_FirstName_Empty status=FAILURE method=loginPageFirstNameTests.testLogin_FirstName_Empty()[pri:1, instance:LoginPage.loginPageFirstNameTests@771a660] output={null}]](0)" classname="LoginPage.loginPageFirstNameTests" time="0.019">
    <failure message="Cannot invoke &quot;utilsFiles.RecordFailure.recordFailure(org.testng.ITestResult, String)&quot; because &quot;this.recordFailure&quot; is null" type="java.lang.NullPointerException"><![CDATA[java.lang.NullPointerException: Cannot invoke "utilsFiles.RecordFailure.recordFailure(org.testng.ITestResult, String)" because "this.recordFailure" is null
	at base.BaseTests.RecordFailures(BaseTests.java:62)
	at java.base/jdk.internal.reflect.DirectMethodHandleAccessor.invoke(DirectMethodHandleAccessor.java:103)
	at java.base/java.lang.reflect.Method.invoke(Method.java:580)
	at org.testng.internal.invokers.MethodInvocationHelper.invokeMethod(MethodInvocationHelper.java:139)
	at org.testng.internal.invokers.MethodInvocationHelper.invokeMethodConsideringTimeout(MethodInvocationHelper.java:69)
	at org.testng.internal.invokers.ConfigInvoker.invokeConfigurationMethod(ConfigInvoker.java:390)
	at org.testng.internal.invokers.ConfigInvoker.invokeConfigurations(ConfigInvoker.java:325)
	at org.testng.internal.invokers.TestInvoker.runConfigMethods(TestInvoker.java:810)
	at org.testng.internal.invokers.TestInvoker.runAfterConfigurations(TestInvoker.java:779)
	at org.testng.internal.invokers.TestInvoker.invokeMethod(TestInvoker.java:755)
	at org.testng.internal.invokers.TestInvoker.invokeTestMethod(TestInvoker.java:227)
	at org.testng.internal.invokers.MethodRunner.runInSequence(MethodRunner.java:50)
	at org.testng.internal.invokers.TestInvoker$MethodInvocationAgent.invoke(TestInvoker.java:957)
	at org.testng.internal.invokers.TestInvoker.invokeTestMethods(TestInvoker.java:200)
	at org.testng.internal.invokers.TestMethodWorker.invokeTestMethods(TestMethodWorker.java:148)
	at org.testng.internal.invokers.TestMethodWorker.run(TestMethodWorker.java:128)
	at java.base/java.util.ArrayList.forEach(ArrayList.java:1596)
	at org.testng.TestRunner.privateRun(TestRunner.java:848)
	at org.testng.TestRunner.run(TestRunner.java:621)
	at org.testng.SuiteRunner.runTest(SuiteRunner.java:443)
	at org.testng.SuiteRunner.runSequentially(SuiteRunner.java:437)
	at org.testng.SuiteRunner.privateRun(SuiteRunner.java:397)
	at org.testng.SuiteRunner.run(SuiteRunner.java:336)
	at org.testng.SuiteRunnerWorker.runSuite(SuiteRunnerWorker.java:52)
	at org.testng.SuiteRunnerWorker.run(SuiteRunnerWorker.java:95)
	at org.testng.TestNG.runSuitesSequentially(TestNG.java:1280)
	at org.testng.TestNG.runSuitesLocally(TestNG.java:1200)
	at org.testng.TestNG.runSuites(TestNG.java:1114)
	at org.testng.TestNG.run(TestNG.java:1082)
	at org.apache.maven.surefire.testng.TestNGExecutor.run(TestNGExecutor.java:155)
	at org.apache.maven.surefire.testng.TestNGDirectoryTestSuite.executeMulti(TestNGDirectoryTestSuite.java:169)
	at org.apache.maven.surefire.testng.TestNGDirectoryTestSuite.execute(TestNGDirectoryTestSuite.java:88)
	at org.apache.maven.surefire.testng.TestNGProvider.invoke(TestNGProvider.java:137)
	at org.apache.maven.surefire.booter.ForkedBooter.runSuitesInProcess(ForkedBooter.java:385)
	at org.apache.maven.surefire.booter.ForkedBooter.execute(ForkedBooter.java:162)
	at org.apache.maven.surefire.booter.ForkedBooter.run(ForkedBooter.java:507)
	at org.apache.maven.surefire.booter.ForkedBooter.main(ForkedBooter.java:495)
]]></failure>
  </testcase>
  <testcase name="testLogin_FirstName_acceptsOnlyChars" classname="LoginPage.loginPageFirstNameTests" time="0.0">
    <skipped message="Cannot invoke &quot;utilsFiles.RecordFailure.recordFailure(org.testng.ITestResult, String)&quot; because &quot;this.recordFailure&quot; is null"/>
  </testcase>
  <testcase name="RecordFailures" classname="LoginPage.loginPageFirstNameTests" time="0.0">
    <skipped/>
  </testcase>
  <testcase name="RecordFailures" classname="LoginPage.loginPageFirstNameTests" time="0.0">
    <skipped/>
  </testcase>
  <testcase name="RecordFailures" classname="LoginPage.loginPageFirstNameTests" time="0.0">
    <skipped/>
  </testcase>
  <testcase name="RecordFailures" classname="LoginPage.loginPageFirstNameTests" time="0.0">
    <skipped/>
  </testcase>
  <testcase name="RecordFailures" classname="LoginPage.loginPageFirstNameTests" time="0.0">
    <skipped/>
  </testcase>
  <testcase name="RecordFailures" classname="LoginPage.loginPageFirstNameTests" time="0.0">
    <skipped/>
  </testcase>
  <testcase name="RecordFailures" classname="LoginPage.loginPageFirstNameTests" time="0.0">
    <skipped/>
  </testcase>
  <testcase name="RecordFailures" classname="LoginPage.loginPageFirstNameTests" time="0.0">
    <skipped/>
  </testcase>
  <testcase name="RecordFailures" classname="LoginPage.loginPageFirstNameTests" time="0.0">
    <skipped/>
  </testcase>
  <testcase name="RecordFailures" classname="LoginPage.loginPageFirstNameTests" time="0.0">
    <skipped/>
  </testcase>
  <testcase name="RecordFailures" classname="LoginPage.loginPageFirstNameTests" time="0.0">
    <skipped/>
  </testcase>
  <testcase name="RecordFailures" classname="LoginPage.loginPageFirstNameTests" time="0.0">
    <skipped/>
  </testcase>
  <testcase name="RecordFailures" classname="LoginPage.loginPageFirstNameTests" time="0.0">
    <skipped/>
  </testcase>
  <testcase name="testLogin_FirstName_InvalidCharacters[@John!](1)" classname="LoginPage.loginPageFirstNameTests" time="0.0">
    <skipped message="Cannot invoke &quot;utilsFiles.RecordFailure.recordFailure(org.testng.ITestResult, String)&quot; because &quot;this.recordFailure&quot; is null"/>
  </testcase>
  <testcase name="testLogin_FirstName_InvalidCharacters[John123](2)" classname="LoginPage.loginPageFirstNameTests" time="0.0">
    <skipped message="Cannot invoke &quot;utilsFiles.RecordFailure.recordFailure(org.testng.ITestResult, String)&quot; because &quot;this.recordFailure&quot; is null"/>
  </testcase>
  <testcase name="testLogin_FirstName_InvalidCharacters[John*Doe](3)" classname="LoginPage.loginPageFirstNameTests" time="0.0">
    <skipped message="Cannot invoke &quot;utilsFiles.RecordFailure.recordFailure(org.testng.ITestResult, String)&quot; because &quot;this.recordFailure&quot; is null"/>
  </testcase>
  <testcase name="testLogin_FirstName_InvalidCharacters[123](4)" classname="LoginPage.loginPageFirstNameTests" time="0.0">
    <skipped message="Cannot invoke &quot;utilsFiles.RecordFailure.recordFailure(org.testng.ITestResult, String)&quot; because &quot;this.recordFailure&quot; is null"/>
  </testcase>
  <testcase name="testLogin_FirstName_InvalidCharacters[!@#$%](5)" classname="LoginPage.loginPageFirstNameTests" time="0.0">
    <skipped message="Cannot invoke &quot;utilsFiles.RecordFailure.recordFailure(org.testng.ITestResult, String)&quot; because &quot;this.recordFailure&quot; is null"/>
  </testcase>
  <testcase name="testLogin_FirstName_InvalidCharacters[Jo_hn](6)" classname="LoginPage.loginPageFirstNameTests" time="0.0">
    <skipped message="Cannot invoke &quot;utilsFiles.RecordFailure.recordFailure(org.testng.ITestResult, String)&quot; because &quot;this.recordFailure&quot; is null"/>
  </testcase>
  <testcase name="testLogin_FirstName_InvalidCharacters[Jo-hn](7)" classname="LoginPage.loginPageFirstNameTests" time="0.0">
    <skipped message="Cannot invoke &quot;utilsFiles.RecordFailure.recordFailure(org.testng.ITestResult, String)&quot; because &quot;this.recordFailure&quot; is null"/>
  </testcase>
  <testcase name="testLogin_FirstName_InvalidCharacters[Jo.hn](8)" classname="LoginPage.loginPageFirstNameTests" time="0.0">
    <skipped message="Cannot invoke &quot;utilsFiles.RecordFailure.recordFailure(org.testng.ITestResult, String)&quot; because &quot;this.recordFailure&quot; is null"/>
  </testcase>
  <testcase name="testLogin_FirstName_InvalidCharacters[Jo&apos;n](9)" classname="LoginPage.loginPageFirstNameTests" time="0.0">
    <skipped message="Cannot invoke &quot;utilsFiles.RecordFailure.recordFailure(org.testng.ITestResult, String)&quot; because &quot;this.recordFailure&quot; is null"/>
  </testcase>
  <testcase name="testLogin_FirstName_less_minimum_length_1char" classname="LoginPage.loginPageFirstNameTests" time="0.0">
    <skipped message="Cannot invoke &quot;utilsFiles.RecordFailure.recordFailure(org.testng.ITestResult, String)&quot; because &quot;this.recordFailure&quot; is null"/>
  </testcase>
  <testcase name="testLogin_FirstName_equal_minimum_length_2char" classname="LoginPage.loginPageFirstNameTests" time="0.0">
    <skipped message="Cannot invoke &quot;utilsFiles.RecordFailure.recordFailure(org.testng.ITestResult, String)&quot; because &quot;this.recordFailure&quot; is null"/>
  </testcase>
  <testcase name="testLogin_FirstName_less_minimum_length_3char" classname="LoginPage.loginPageFirstNameTests" time="0.0">
    <skipped message="Cannot invoke &quot;utilsFiles.RecordFailure.recordFailure(org.testng.ITestResult, String)&quot; because &quot;this.recordFailure&quot; is null"/>
  </testcase>
  <testcase name="testLogin_LastName_Empty" classname="LoginPage.loginPageLastNameTests" time="0.006">
    <failure message="Cannot invoke &quot;org.openqa.selenium.WebDriver.findElement(org.openqa.selenium.By)&quot; because &quot;driver&quot; is null" type="java.lang.NullPointerException"><![CDATA[java.lang.NullPointerException: Cannot invoke "org.openqa.selenium.WebDriver.findElement(org.openqa.selenium.By)" because "driver" is null
	at org.openqa.selenium.support.ui.ExpectedConditions$6.apply(ExpectedConditions.java:171)
	at org.openqa.selenium.support.ui.ExpectedConditions$6.apply(ExpectedConditions.java:168)
	at org.openqa.selenium.support.ui.FluentWait.until(FluentWait.java:203)
	at utilsFiles.UtilsDriverMethods.fluentWait(UtilsDriverMethods.java:59)
	at Pages.LoginPage.entering_FirstName(LoginPage.java:47)
	at LoginPage.loginPageLastNameTests.testLogin_LastName_Empty(loginPageLastNameTests.java:17)
	at java.base/jdk.internal.reflect.DirectMethodHandleAccessor.invoke(DirectMethodHandleAccessor.java:103)
	at java.base/java.lang.reflect.Method.invoke(Method.java:580)
	at org.testng.internal.invokers.MethodInvocationHelper.invokeMethod(MethodInvocationHelper.java:139)
	at org.testng.internal.invokers.TestInvoker.invokeMethod(TestInvoker.java:664)
	at org.testng.internal.invokers.TestInvoker.invokeTestMethod(TestInvoker.java:227)
	at org.testng.internal.invokers.MethodRunner.runInSequence(MethodRunner.java:50)
	at org.testng.internal.invokers.TestInvoker$MethodInvocationAgent.invoke(TestInvoker.java:957)
	at org.testng.internal.invokers.TestInvoker.invokeTestMethods(TestInvoker.java:200)
	at org.testng.internal.invokers.TestMethodWorker.invokeTestMethods(TestMethodWorker.java:148)
	at org.testng.internal.invokers.TestMethodWorker.run(TestMethodWorker.java:128)
	at java.base/java.util.ArrayList.forEach(ArrayList.java:1596)
	at org.testng.TestRunner.privateRun(TestRunner.java:848)
	at org.testng.TestRunner.run(TestRunner.java:621)
	at org.testng.SuiteRunner.runTest(SuiteRunner.java:443)
	at org.testng.SuiteRunner.runSequentially(SuiteRunner.java:437)
	at org.testng.SuiteRunner.privateRun(SuiteRunner.java:397)
	at org.testng.SuiteRunner.run(SuiteRunner.java:336)
	at org.testng.SuiteRunnerWorker.runSuite(SuiteRunnerWorker.java:52)
	at org.testng.SuiteRunnerWorker.run(SuiteRunnerWorker.java:95)
	at org.testng.TestNG.runSuitesSequentially(TestNG.java:1280)
	at org.testng.TestNG.runSuitesLocally(TestNG.java:1200)
	at org.testng.TestNG.runSuites(TestNG.java:1114)
	at org.testng.TestNG.run(TestNG.java:1082)
	at org.apache.maven.surefire.testng.TestNGExecutor.run(TestNGExecutor.java:155)
	at org.apache.maven.surefire.testng.TestNGDirectoryTestSuite.executeMulti(TestNGDirectoryTestSuite.java:169)
	at org.apache.maven.surefire.testng.TestNGDirectoryTestSuite.execute(TestNGDirectoryTestSuite.java:88)
	at org.apache.maven.surefire.testng.TestNGProvider.invoke(TestNGProvider.java:137)
	at org.apache.maven.surefire.booter.ForkedBooter.runSuitesInProcess(ForkedBooter.java:385)
	at org.apache.maven.surefire.booter.ForkedBooter.execute(ForkedBooter.java:162)
	at org.apache.maven.surefire.booter.ForkedBooter.run(ForkedBooter.java:507)
	at org.apache.maven.surefire.booter.ForkedBooter.main(ForkedBooter.java:495)
]]></failure>
  </testcase>
  <testcase name="RecordFailures[[TestResult name=testLogin_LastName_Empty status=FAILURE method=loginPageLastNameTests.testLogin_LastName_Empty()[pri:1, instance:LoginPage.loginPageLastNameTests@2d52216b] output={null}]](0)" classname="LoginPage.loginPageLastNameTests" time="0.014">
    <failure message="Cannot invoke &quot;utilsFiles.RecordFailure.recordFailure(org.testng.ITestResult, String)&quot; because &quot;this.recordFailure&quot; is null" type="java.lang.NullPointerException"><![CDATA[java.lang.NullPointerException: Cannot invoke "utilsFiles.RecordFailure.recordFailure(org.testng.ITestResult, String)" because "this.recordFailure" is null
	at base.BaseTests.RecordFailures(BaseTests.java:62)
	at java.base/jdk.internal.reflect.DirectMethodHandleAccessor.invoke(DirectMethodHandleAccessor.java:103)
	at java.base/java.lang.reflect.Method.invoke(Method.java:580)
	at org.testng.internal.invokers.MethodInvocationHelper.invokeMethod(MethodInvocationHelper.java:139)
	at org.testng.internal.invokers.MethodInvocationHelper.invokeMethodConsideringTimeout(MethodInvocationHelper.java:69)
	at org.testng.internal.invokers.ConfigInvoker.invokeConfigurationMethod(ConfigInvoker.java:390)
	at org.testng.internal.invokers.ConfigInvoker.invokeConfigurations(ConfigInvoker.java:325)
	at org.testng.internal.invokers.TestInvoker.runConfigMethods(TestInvoker.java:810)
	at org.testng.internal.invokers.TestInvoker.runAfterConfigurations(TestInvoker.java:779)
	at org.testng.internal.invokers.TestInvoker.invokeMethod(TestInvoker.java:755)
	at org.testng.internal.invokers.TestInvoker.invokeTestMethod(TestInvoker.java:227)
	at org.testng.internal.invokers.MethodRunner.runInSequence(MethodRunner.java:50)
	at org.testng.internal.invokers.TestInvoker$MethodInvocationAgent.invoke(TestInvoker.java:957)
	at org.testng.internal.invokers.TestInvoker.invokeTestMethods(TestInvoker.java:200)
	at org.testng.internal.invokers.TestMethodWorker.invokeTestMethods(TestMethodWorker.java:148)
	at org.testng.internal.invokers.TestMethodWorker.run(TestMethodWorker.java:128)
	at java.base/java.util.ArrayList.forEach(ArrayList.java:1596)
	at org.testng.TestRunner.privateRun(TestRunner.java:848)
	at org.testng.TestRunner.run(TestRunner.java:621)
	at org.testng.SuiteRunner.runTest(SuiteRunner.java:443)
	at org.testng.SuiteRunner.runSequentially(SuiteRunner.java:437)
	at org.testng.SuiteRunner.privateRun(SuiteRunner.java:397)
	at org.testng.SuiteRunner.run(SuiteRunner.java:336)
	at org.testng.SuiteRunnerWorker.runSuite(SuiteRunnerWorker.java:52)
	at org.testng.SuiteRunnerWorker.run(SuiteRunnerWorker.java:95)
	at org.testng.TestNG.runSuitesSequentially(TestNG.java:1280)
	at org.testng.TestNG.runSuitesLocally(TestNG.java:1200)
	at org.testng.TestNG.runSuites(TestNG.java:1114)
	at org.testng.TestNG.run(TestNG.java:1082)
	at org.apache.maven.surefire.testng.TestNGExecutor.run(TestNGExecutor.java:155)
	at org.apache.maven.surefire.testng.TestNGDirectoryTestSuite.executeMulti(TestNGDirectoryTestSuite.java:169)
	at org.apache.maven.surefire.testng.TestNGDirectoryTestSuite.execute(TestNGDirectoryTestSuite.java:88)
	at org.apache.maven.surefire.testng.TestNGProvider.invoke(TestNGProvider.java:137)
	at org.apache.maven.surefire.booter.ForkedBooter.runSuitesInProcess(ForkedBooter.java:385)
	at org.apache.maven.surefire.booter.ForkedBooter.execute(ForkedBooter.java:162)
	at org.apache.maven.surefire.booter.ForkedBooter.run(ForkedBooter.java:507)
	at org.apache.maven.surefire.booter.ForkedBooter.main(ForkedBooter.java:495)
]]></failure>
  </testcase>
  <testcase name="testLogin_LastName_acceptsOnlyChars" classname="LoginPage.loginPageLastNameTests" time="0.0">
    <skipped message="Cannot invoke &quot;utilsFiles.RecordFailure.recordFailure(org.testng.ITestResult, String)&quot; because &quot;this.recordFailure&quot; is null"/>
  </testcase>
  <testcase name="RecordFailures" classname="LoginPage.loginPageLastNameTests" time="0.0">
    <skipped/>
  </testcase>
  <testcase name="RecordFailures" classname="LoginPage.loginPageLastNameTests" time="0.0">
    <skipped/>
  </testcase>
  <testcase name="RecordFailures" classname="LoginPage.loginPageLastNameTests" time="0.0">
    <skipped/>
  </testcase>
  <testcase name="RecordFailures" classname="LoginPage.loginPageLastNameTests" time="0.0">
    <skipped/>
  </testcase>
  <testcase name="RecordFailures" classname="LoginPage.loginPageLastNameTests" time="0.0">
    <skipped/>
  </testcase>
  <testcase name="RecordFailures" classname="LoginPage.loginPageLastNameTests" time="0.0">
    <skipped/>
  </testcase>
  <testcase name="RecordFailures" classname="LoginPage.loginPageLastNameTests" time="0.0">
    <skipped/>
  </testcase>
  <testcase name="RecordFailures" classname="LoginPage.loginPageLastNameTests" time="0.0">
    <skipped/>
  </testcase>
  <testcase name="RecordFailures" classname="LoginPage.loginPageLastNameTests" time="0.0">
    <skipped/>
  </testcase>
  <testcase name="RecordFailures" classname="LoginPage.loginPageLastNameTests" time="0.0">
    <skipped/>
  </testcase>
  <testcase name="RecordFailures" classname="LoginPage.loginPageLastNameTests" time="0.0">
    <skipped/>
  </testcase>
  <testcase name="RecordFailures" classname="LoginPage.loginPageLastNameTests" time="0.0">
    <skipped/>
  </testcase>
  <testcase name="RecordFailures" classname="LoginPage.loginPageLastNameTests" time="0.0">
    <skipped/>
  </testcase>
  <testcase name="testLogin_LastName_InvalidCharacters[@John!](1)" classname="LoginPage.loginPageLastNameTests" time="0.0">
    <skipped message="Cannot invoke &quot;utilsFiles.RecordFailure.recordFailure(org.testng.ITestResult, String)&quot; because &quot;this.recordFailure&quot; is null"/>
  </testcase>
  <testcase name="testLogin_LastName_InvalidCharacters[John123](2)" classname="LoginPage.loginPageLastNameTests" time="0.0">
    <skipped message="Cannot invoke &quot;utilsFiles.RecordFailure.recordFailure(org.testng.ITestResult, String)&quot; because &quot;this.recordFailure&quot; is null"/>
  </testcase>
  <testcase name="testLogin_LastName_InvalidCharacters[John*Doe](3)" classname="LoginPage.loginPageLastNameTests" time="0.0">
    <skipped message="Cannot invoke &quot;utilsFiles.RecordFailure.recordFailure(org.testng.ITestResult, String)&quot; because &quot;this.recordFailure&quot; is null"/>
  </testcase>
  <testcase name="testLogin_LastName_InvalidCharacters[123](4)" classname="LoginPage.loginPageLastNameTests" time="0.0">
    <skipped message="Cannot invoke &quot;utilsFiles.RecordFailure.recordFailure(org.testng.ITestResult, String)&quot; because &quot;this.recordFailure&quot; is null"/>
  </testcase>
  <testcase name="testLogin_LastName_InvalidCharacters[!@#$%](5)" classname="LoginPage.loginPageLastNameTests" time="0.0">
    <skipped message="Cannot invoke &quot;utilsFiles.RecordFailure.recordFailure(org.testng.ITestResult, String)&quot; because &quot;this.recordFailure&quot; is null"/>
  </testcase>
  <testcase name="testLogin_LastName_InvalidCharacters[Jo_hn](6)" classname="LoginPage.loginPageLastNameTests" time="0.0">
    <skipped message="Cannot invoke &quot;utilsFiles.RecordFailure.recordFailure(org.testng.ITestResult, String)&quot; because &quot;this.recordFailure&quot; is null"/>
  </testcase>
  <testcase name="testLogin_LastName_InvalidCharacters[Jo-hn](7)" classname="LoginPage.loginPageLastNameTests" time="0.0">
    <skipped message="Cannot invoke &quot;utilsFiles.RecordFailure.recordFailure(org.testng.ITestResult, String)&quot; because &quot;this.recordFailure&quot; is null"/>
  </testcase>
  <testcase name="testLogin_LastName_InvalidCharacters[Jo.hn](8)" classname="LoginPage.loginPageLastNameTests" time="0.0">
    <skipped message="Cannot invoke &quot;utilsFiles.RecordFailure.recordFailure(org.testng.ITestResult, String)&quot; because &quot;this.recordFailure&quot; is null"/>
  </testcase>
  <testcase name="testLogin_LastName_InvalidCharacters[Jo&apos;n](9)" classname="LoginPage.loginPageLastNameTests" time="0.0">
    <skipped message="Cannot invoke &quot;utilsFiles.RecordFailure.recordFailure(org.testng.ITestResult, String)&quot; because &quot;this.recordFailure&quot; is null"/>
  </testcase>
  <testcase name="testLogin_LastName_less_minimum_length_1char" classname="LoginPage.loginPageLastNameTests" time="0.0">
    <skipped message="Cannot invoke &quot;utilsFiles.RecordFailure.recordFailure(org.testng.ITestResult, String)&quot; because &quot;this.recordFailure&quot; is null"/>
  </testcase>
  <testcase name="testLogin_LastName_less_minimum_length_2char" classname="LoginPage.loginPageLastNameTests" time="0.0">
    <skipped message="Cannot invoke &quot;utilsFiles.RecordFailure.recordFailure(org.testng.ITestResult, String)&quot; because &quot;this.recordFailure&quot; is null"/>
  </testcase>
  <testcase name="testLogin_LastName_less_minimum_length_3char" classname="LoginPage.loginPageLastNameTests" time="0.0">
    <skipped message="Cannot invoke &quot;utilsFiles.RecordFailure.recordFailure(org.testng.ITestResult, String)&quot; because &quot;this.recordFailure&quot; is null"/>
  </testcase>
  <testcase name="testLogin_Password_Empty" classname="LoginPage.loginPagePasswordTests" time="0.006">
    <failure message="Cannot invoke &quot;org.openqa.selenium.WebDriver.findElement(org.openqa.selenium.By)&quot; because &quot;driver&quot; is null" type="java.lang.NullPointerException"><![CDATA[java.lang.NullPointerException: Cannot invoke "org.openqa.selenium.WebDriver.findElement(org.openqa.selenium.By)" because "driver" is null
	at org.openqa.selenium.support.ui.ExpectedConditions$6.apply(ExpectedConditions.java:171)
	at org.openqa.selenium.support.ui.ExpectedConditions$6.apply(ExpectedConditions.java:168)
	at org.openqa.selenium.support.ui.FluentWait.until(FluentWait.java:203)
	at utilsFiles.UtilsDriverMethods.fluentWait(UtilsDriverMethods.java:59)
	at Pages.LoginPage.entering_FirstName(LoginPage.java:47)
	at LoginPage.loginPagePasswordTests.testLogin_Password_Empty(loginPagePasswordTests.java:16)
	at java.base/jdk.internal.reflect.DirectMethodHandleAccessor.invoke(DirectMethodHandleAccessor.java:103)
	at java.base/java.lang.reflect.Method.invoke(Method.java:580)
	at org.testng.internal.invokers.MethodInvocationHelper.invokeMethod(MethodInvocationHelper.java:139)
	at org.testng.internal.invokers.TestInvoker.invokeMethod(TestInvoker.java:664)
	at org.testng.internal.invokers.TestInvoker.invokeTestMethod(TestInvoker.java:227)
	at org.testng.internal.invokers.MethodRunner.runInSequence(MethodRunner.java:50)
	at org.testng.internal.invokers.TestInvoker$MethodInvocationAgent.invoke(TestInvoker.java:957)
	at org.testng.internal.invokers.TestInvoker.invokeTestMethods(TestInvoker.java:200)
	at org.testng.internal.invokers.TestMethodWorker.invokeTestMethods(TestMethodWorker.java:148)
	at org.testng.internal.invokers.TestMethodWorker.run(TestMethodWorker.java:128)
	at java.base/java.util.ArrayList.forEach(ArrayList.java:1596)
	at org.testng.TestRunner.privateRun(TestRunner.java:848)
	at org.testng.TestRunner.run(TestRunner.java:621)
	at org.testng.SuiteRunner.runTest(SuiteRunner.java:443)
	at org.testng.SuiteRunner.runSequentially(SuiteRunner.java:437)
	at org.testng.SuiteRunner.privateRun(SuiteRunner.java:397)
	at org.testng.SuiteRunner.run(SuiteRunner.java:336)
	at org.testng.SuiteRunnerWorker.runSuite(SuiteRunnerWorker.java:52)
	at org.testng.SuiteRunnerWorker.run(SuiteRunnerWorker.java:95)
	at org.testng.TestNG.runSuitesSequentially(TestNG.java:1280)
	at org.testng.TestNG.runSuitesLocally(TestNG.java:1200)
	at org.testng.TestNG.runSuites(TestNG.java:1114)
	at org.testng.TestNG.run(TestNG.java:1082)
	at org.apache.maven.surefire.testng.TestNGExecutor.run(TestNGExecutor.java:155)
	at org.apache.maven.surefire.testng.TestNGDirectoryTestSuite.executeMulti(TestNGDirectoryTestSuite.java:169)
	at org.apache.maven.surefire.testng.TestNGDirectoryTestSuite.execute(TestNGDirectoryTestSuite.java:88)
	at org.apache.maven.surefire.testng.TestNGProvider.invoke(TestNGProvider.java:137)
	at org.apache.maven.surefire.booter.ForkedBooter.runSuitesInProcess(ForkedBooter.java:385)
	at org.apache.maven.surefire.booter.ForkedBooter.execute(ForkedBooter.java:162)
	at org.apache.maven.surefire.booter.ForkedBooter.run(ForkedBooter.java:507)
	at org.apache.maven.surefire.booter.ForkedBooter.main(ForkedBooter.java:495)
]]></failure>
  </testcase>
  <testcase name="RecordFailures[[TestResult name=testLogin_Password_Empty status=FAILURE method=loginPagePasswordTests.testLogin_Password_Empty()[pri:1, instance:LoginPage.loginPagePasswordTests@242b836] output={null}]](0)" classname="LoginPage.loginPagePasswordTests" time="0.014">
    <failure message="Cannot invoke &quot;utilsFiles.RecordFailure.recordFailure(org.testng.ITestResult, String)&quot; because &quot;this.recordFailure&quot; is null" type="java.lang.NullPointerException"><![CDATA[java.lang.NullPointerException: Cannot invoke "utilsFiles.RecordFailure.recordFailure(org.testng.ITestResult, String)" because "this.recordFailure" is null
	at base.BaseTests.RecordFailures(BaseTests.java:62)
	at java.base/jdk.internal.reflect.DirectMethodHandleAccessor.invoke(DirectMethodHandleAccessor.java:103)
	at java.base/java.lang.reflect.Method.invoke(Method.java:580)
	at org.testng.internal.invokers.MethodInvocationHelper.invokeMethod(MethodInvocationHelper.java:139)
	at org.testng.internal.invokers.MethodInvocationHelper.invokeMethodConsideringTimeout(MethodInvocationHelper.java:69)
	at org.testng.internal.invokers.ConfigInvoker.invokeConfigurationMethod(ConfigInvoker.java:390)
	at org.testng.internal.invokers.ConfigInvoker.invokeConfigurations(ConfigInvoker.java:325)
	at org.testng.internal.invokers.TestInvoker.runConfigMethods(TestInvoker.java:810)
	at org.testng.internal.invokers.TestInvoker.runAfterConfigurations(TestInvoker.java:779)
	at org.testng.internal.invokers.TestInvoker.invokeMethod(TestInvoker.java:755)
	at org.testng.internal.invokers.TestInvoker.invokeTestMethod(TestInvoker.java:227)
	at org.testng.internal.invokers.MethodRunner.runInSequence(MethodRunner.java:50)
	at org.testng.internal.invokers.TestInvoker$MethodInvocationAgent.invoke(TestInvoker.java:957)
	at org.testng.internal.invokers.TestInvoker.invokeTestMethods(TestInvoker.java:200)
	at org.testng.internal.invokers.TestMethodWorker.invokeTestMethods(TestMethodWorker.java:148)
	at org.testng.internal.invokers.TestMethodWorker.run(TestMethodWorker.java:128)
	at java.base/java.util.ArrayList.forEach(ArrayList.java:1596)
	at org.testng.TestRunner.privateRun(TestRunner.java:848)
	at org.testng.TestRunner.run(TestRunner.java:621)
	at org.testng.SuiteRunner.runTest(SuiteRunner.java:443)
	at org.testng.SuiteRunner.runSequentially(SuiteRunner.java:437)
	at org.testng.SuiteRunner.privateRun(SuiteRunner.java:397)
	at org.testng.SuiteRunner.run(SuiteRunner.java:336)
	at org.testng.SuiteRunnerWorker.runSuite(SuiteRunnerWorker.java:52)
	at org.testng.SuiteRunnerWorker.run(SuiteRunnerWorker.java:95)
	at org.testng.TestNG.runSuitesSequentially(TestNG.java:1280)
	at org.testng.TestNG.runSuitesLocally(TestNG.java:1200)
	at org.testng.TestNG.runSuites(TestNG.java:1114)
	at org.testng.TestNG.run(TestNG.java:1082)
	at org.apache.maven.surefire.testng.TestNGExecutor.run(TestNGExecutor.java:155)
	at org.apache.maven.surefire.testng.TestNGDirectoryTestSuite.executeMulti(TestNGDirectoryTestSuite.java:169)
	at org.apache.maven.surefire.testng.TestNGDirectoryTestSuite.execute(TestNGDirectoryTestSuite.java:88)
	at org.apache.maven.surefire.testng.TestNGProvider.invoke(TestNGProvider.java:137)
	at org.apache.maven.surefire.booter.ForkedBooter.runSuitesInProcess(ForkedBooter.java:385)
	at org.apache.maven.surefire.booter.ForkedBooter.execute(ForkedBooter.java:162)
	at org.apache.maven.surefire.booter.ForkedBooter.run(ForkedBooter.java:507)
	at org.apache.maven.surefire.booter.ForkedBooter.main(ForkedBooter.java:495)
]]></failure>
  </testcase>
  <testcase name="tearDown" classname="base.BaseTests" time="0.0">
    <skipped/>
  </testcase>
</testsuite>